Arguments: 
  /home/mk/.nvm/versions/node/v18.12.1/bin/node /home/mk/.nvm/versions/node/v18.12.1/bin/yarn add typescript

PATH: 
  /home/mk/.nvm/versions/node/v18.12.1/bin:/home/mk/.cargo/bin:/home/mk/.blops/bin:/home/mk/.local/bin:/usr/local/sbin:/usr/local/bin:/usr/sbin:/usr/bin:/sbin:/bin:/usr/games:/usr/local/games:/snap/bin

Yarn version: 
  1.22.19

Node version: 
  18.12.1

Platform: 
  linux x64

Trace: 
  SyntaxError: /home/mk/backstage-plugin-betterscan/package.json: Unexpected token i in JSON at position 1
      at JSON.parse (<anonymous>)
      at /home/mk/.nvm/versions/node/v18.12.1/lib/node_modules/yarn/lib/cli.js:1629:59
      at Generator.next (<anonymous>)
      at step (/home/mk/.nvm/versions/node/v18.12.1/lib/node_modules/yarn/lib/cli.js:310:30)
      at /home/mk/.nvm/versions/node/v18.12.1/lib/node_modules/yarn/lib/cli.js:321:13

npm manifest: 
  {i
    "name": "backstage-plugin-betterscan",
    "version": "1.0.0",
    "description": "Betterscan Backstage Plugin",
    "main": "dist/index.js",
    "types": "dist/index.d.ts",
    "dependencies": {
      "typescript": "^4.9.4"
    },
    "devDependencies": {},
    "scripts": {
      "test": "echo \"Error: no test specified\" && exit 1"
    },
    "repository": {
      "type": "git",
      "url": "git+https://github.com/marcinguy/backstage-plugin-betterscan.git"
    },
    "keywords": [],
    "author": "",
    "license": "ISC",
    "bugs": {
      "url": "https://github.com/marcinguy/backstage-plugin-betterscan/issues"
    },
    "homepage": "https://github.com/marcinguy/backstage-plugin-betterscan#readme"
  }

yarn manifest: 
  No manifest

Lockfile: 
  # THIS IS AN AUTOGENERATED FILE. DO NOT EDIT THIS FILE DIRECTLY.
  # yarn lockfile v1
  
  
  typescript@^4.9.4:
    version "4.9.4"
    resolved "https://registry.yarnpkg.com/typescript/-/typescript-4.9.4.tgz#a2a3d2756c079abda241d75f149df9d561091e78"
    integrity sha512-Uz+dTXYzxXXbsFpM86Wh3dKCxrQqUcVMxwU54orwlJjOpO3ao8L7j5lH+dWfTwgCwIuM9GQ2kvVotzYJMXTBZg==
